Replace Part C? CAP SMD 0805 in C:\Users\hasan\AUV2025\AUV_PDB\AUV_PDB_SMD_STM8\sch.SchDoc with CAP SMD 0805 from MYS-Library.IntLib
Replace Part C? CAP SMD 0805 in C:\Users\hasan\AUV2025\AUV_PDB\AUV_PDB_SMD_STM8\sch.SchDoc with CAP SMD 0805 from MYS-Library.IntLib
Replace Part C? CAP SMD 0805 in C:\Users\hasan\AUV2025\AUV_PDB\AUV_PDB_SMD_STM8\sch.SchDoc with CAP SMD 0805 from MYS-Library.IntLib
Replace Part C? CAP SMD 0805 in C:\Users\hasan\AUV2025\AUV_PDB\AUV_PDB_SMD_STM8\sch.SchDoc with CAP SMD 0805 from MYS-Library.IntLib
Replace Part C? CAP Case A in C:\Users\hasan\AUV2025\AUV_PDB\AUV_PDB_SMD_STM8\sch.SchDoc with CAP Case A from MYS-Library.IntLib
Replace Part C? CAP SMD ALUM in C:\Users\hasan\AUV2025\AUV_PDB\AUV_PDB_SMD_STM8\sch.SchDoc with CAP SMD ALUM from MYS-Library.IntLib
Replace Part C? CAP Case A in C:\Users\hasan\AUV2025\AUV_PDB\AUV_PDB_SMD_STM8\sch.SchDoc with CAP Case A from MYS-Library.IntLib
Replace Part C? CAP Case A in C:\Users\hasan\AUV2025\AUV_PDB\AUV_PDB_SMD_STM8\sch.SchDoc with CAP Case A from MYS-Library.IntLib
Replace Part C? CAP SMD ALUM in C:\Users\hasan\AUV2025\AUV_PDB\AUV_PDB_SMD_STM8\sch.SchDoc with CAP SMD ALUM from MYS-Library.IntLib
Replace Part D? LED 0805 SMD in C:\Users\hasan\AUV2025\AUV_PDB\AUV_PDB_SMD_STM8\sch.SchDoc with LED 0805 SMD from MYS-Library.IntLib
Replace Part D? LED 0805 SMD in C:\Users\hasan\AUV2025\AUV_PDB\AUV_PDB_SMD_STM8\sch.SchDoc with LED 0805 SMD from MYS-Library.IntLib
Replace Part D? LED 0805 SMD in C:\Users\hasan\AUV2025\AUV_PDB\AUV_PDB_SMD_STM8\sch.SchDoc with LED 0805 SMD from MYS-Library.IntLib
Replace Part D? LED 0805 SMD in C:\Users\hasan\AUV2025\AUV_PDB\AUV_PDB_SMD_STM8\sch.SchDoc with LED 0805 SMD from MYS-Library.IntLib
Replace Part IC? US1881 in C:\Users\hasan\AUV2025\AUV_PDB\AUV_PDB_SMD_STM8\sch.SchDoc with US1881 from MYS-Library.IntLib
Replace Part IC? TLP152-SMD in C:\Users\hasan\AUV2025\AUV_PDB\AUV_PDB_SMD_STM8\sch.SchDoc with TLP152-SMD from MYS-Library.IntLib
Replace Part IC? XL4015 in C:\Users\hasan\AUV2025\AUV_PDB\AUV_PDB_SMD_STM8\sch.SchDoc with XL4015 from MYS-Library.IntLib
Replace Part J? XT60 Male Pin in C:\Users\hasan\AUV2025\AUV_PDB\AUV_PDB_SMD_STM8\sch.SchDoc with XT60 Male Pin from MYS-Library.IntLib
Replace Part J? 2.50mm 4 pin in C:\Users\hasan\AUV2025\AUV_PDB\AUV_PDB_SMD_STM8\sch.SchDoc with 2.50mm 4 pin from MYS-Library.IntLib
Replace Part J? 2.50mm 4 pin in C:\Users\hasan\AUV2025\AUV_PDB\AUV_PDB_SMD_STM8\sch.SchDoc with 2.50mm 4 pin from MYS-Library.IntLib
Replace Part J? CON1x2_2.54mm in C:\Users\hasan\AUV2025\AUV_PDB\AUV_PDB_SMD_STM8\sch.SchDoc with CON1x2_2.54mm from MYS-Library.IntLib
Replace Part L? CDRH127 - SMD Bobin in C:\Users\hasan\AUV2025\AUV_PDB\AUV_PDB_SMD_STM8\sch.SchDoc with CDRH127 - SMD Bobin from MYS-Library.IntLib
Replace Part Q? TDSON-8 MOSFET in C:\Users\hasan\AUV2025\AUV_PDB\AUV_PDB_SMD_STM8\sch.SchDoc with TDSON-8 MOSFET from MYS-Library.IntLib
Replace Part Q? TDSON-8 MOSFET in C:\Users\hasan\AUV2025\AUV_PDB\AUV_PDB_SMD_STM8\sch.SchDoc with TDSON-8 MOSFET from MYS-Library.IntLib
Replace Part R? RES SMD 0805 in C:\Users\hasan\AUV2025\AUV_PDB\AUV_PDB_SMD_STM8\sch.SchDoc with RES SMD 0805 from MYS-Library.IntLib
Replace Part R? RES SMD 0805 in C:\Users\hasan\AUV2025\AUV_PDB\AUV_PDB_SMD_STM8\sch.SchDoc with RES SMD 0805 from MYS-Library.IntLib
Replace Part R? RES SMD 0805 in C:\Users\hasan\AUV2025\AUV_PDB\AUV_PDB_SMD_STM8\sch.SchDoc with RES SMD 0805 from MYS-Library.IntLib
Replace Part R? RES SMD 0805 in C:\Users\hasan\AUV2025\AUV_PDB\AUV_PDB_SMD_STM8\sch.SchDoc with RES SMD 0805 from MYS-Library.IntLib
Replace Part R? RES SMD 0805 in C:\Users\hasan\AUV2025\AUV_PDB\AUV_PDB_SMD_STM8\sch.SchDoc with RES SMD 0805 from MYS-Library.IntLib
Replace Part R? RES SMD 0805 in C:\Users\hasan\AUV2025\AUV_PDB\AUV_PDB_SMD_STM8\sch.SchDoc with RES SMD 0805 from MYS-Library.IntLib
Replace Part R? RES SMD 0805 in C:\Users\hasan\AUV2025\AUV_PDB\AUV_PDB_SMD_STM8\sch.SchDoc with RES SMD 0805 from MYS-Library.IntLib
Replace Part R? RES SMD 0805 in C:\Users\hasan\AUV2025\AUV_PDB\AUV_PDB_SMD_STM8\sch.SchDoc with RES SMD 0805 from MYS-Library.IntLib
Replace Part R? RES SMD 0805 in C:\Users\hasan\AUV2025\AUV_PDB\AUV_PDB_SMD_STM8\sch.SchDoc with RES SMD 0805 from MYS-Library.IntLib
Replace Part R? RES SMD 2512 SHUNT in C:\Users\hasan\AUV2025\AUV_PDB\AUV_PDB_SMD_STM8\sch.SchDoc with RES SMD 2512 SHUNT from MYS-Library.IntLib
Replace Part R? RES SMD 0805 in C:\Users\hasan\AUV2025\AUV_PDB\AUV_PDB_SMD_STM8\sch.SchDoc with RES SMD 0805 from MYS-Library.IntLib
Replace Part R? RES SMD 0805 in C:\Users\hasan\AUV2025\AUV_PDB\AUV_PDB_SMD_STM8\sch.SchDoc with RES SMD 0805 from MYS-Library.IntLib
Replace Part R? RES SMD 0805 in C:\Users\hasan\AUV2025\AUV_PDB\AUV_PDB_SMD_STM8\sch.SchDoc with RES SMD 0805 from MYS-Library.IntLib
Replace Part REG? LM7805MP/NOPB in C:\Users\hasan\AUV2025\AUV_PDB\AUV_PDB_SMD_STM8\sch.SchDoc with LM7805MP/NOPB from MYS-Library.IntLib
Replace Part REG? AMS1117 in C:\Users\hasan\AUV2025\AUV_PDB\AUV_PDB_SMD_STM8\sch.SchDoc with AMS1117 from MYS-Library.IntLib
Replace Part U? LM358 - SMD in C:\Users\hasan\AUV2025\AUV_PDB\AUV_PDB_SMD_STM8\sch.SchDoc with LM358 - SMD from MYS-Library.IntLib
Replace Part U? ISO1541DR in C:\Users\hasan\AUV2025\AUV_PDB\AUV_PDB_SMD_STM8\sch.SchDoc with ISO1541DR from MYS-Library.IntLib
Replace Part U? STM8S103F3P6 in C:\Users\hasan\AUV2025\AUV_PDB\AUV_PDB_SMD_STM8\sch.SchDoc with STM8S103F3P6 from MYS-Library.IntLib
