Added Component: Designator=C1(CER-DIP-CAP)
Added Component: Designator=C2(CER-DIP-CAP)
Added Component: Designator=C3(CER-DIP-CAP)
Added Component: Designator=C4(CER-DIP-CAP)
Added Component: Designator=D1(LED DIP)
Added Component: Designator=IC1(DIP-8)
Added Component: Designator=IC2(UA)
Added Component: Designator=J1(XT60 Male Pin)
Added Component: Designator=Q1(TO-220)
Added Component: Designator=R1(RES DIP)
Added Component: Designator=R2(RES DIP)
Added Component: Designator=R3(RES DIP)
Added Component: Designator=R5(RES DIP)
Added Component: Designator=U1(TO-226 TO-92)
Added Pin To Net: NetName=GND Pin=C1-1
Added Pin To Net: NetName=3S-6S Pin=C1-2
Added Pin To Net: NetName=GND Pin=C2-1
Added Pin To Net: NetName=5V Pin=C2-2
Added Pin To Net: NetName=GND Pin=C3-1
Added Pin To Net: NetName=HallOut Pin=C3-2
Added Pin To Net: NetName=GND Pin=C4-1
Added Pin To Net: NetName=NetC4_2 Pin=C4-2
Added Pin To Net: NetName=NetD1_A Pin=D1-A
Added Pin To Net: NetName=GND Pin=D1-C
Added Pin To Net: NetName=NetR1_2 Pin=IC1-2
Added Pin To Net: NetName=GND Pin=IC1-3
Added Pin To Net: NetName=GND Pin=IC1-5
Added Pin To Net: NetName=NetR2_1 Pin=IC1-6
Added Pin To Net: NetName=NetR2_1 Pin=IC1-7
Added Pin To Net: NetName=3S-6S Pin=IC1-8
Added Pin To Net: NetName=5V Pin=IC2-1
Added Pin To Net: NetName=HallOut Pin=IC2-2
Added Pin To Net: NetName=GND Pin=IC2-3
Added Pin To Net: NetName=GND Pin=J1-N
Added Pin To Net: NetName=3S-6S Pin=J1-P
Added Pin To Net: NetName=NetQ1_1 Pin=Q1-1
Added Pin To Net: NetName=Negative Pin=Q1-2
Added Pin To Net: NetName=GND Pin=Q1-3
Added Pin To Net: NetName=HallOut Pin=R1-1
Added Pin To Net: NetName=NetR1_2 Pin=R1-2
Added Pin To Net: NetName=NetR2_1 Pin=R2-1
Added Pin To Net: NetName=NetQ1_1 Pin=R2-2
Added Pin To Net: NetName=HallOut Pin=R3-1
Added Pin To Net: NetName=NetD1_A Pin=R3-2
Added Pin To Net: NetName=5V Pin=R5-1
Added Pin To Net: NetName=NetC4_2 Pin=R5-2
Added Pin To Net: NetName=5V Pin=U1-1
Added Pin To Net: NetName=GND Pin=U1-2
Added Pin To Net: NetName=3S-6S Pin=U1-3
Added Member To Class: ClassName=Sch Member=Component C1 0.33uF
Added Member To Class: ClassName=Sch Member=Component C2 0.01uF
Added Member To Class: ClassName=Sch Member=Component C3 4.7nF
Added Member To Class: ClassName=Sch Member=Component C4 100nF
Added Member To Class: ClassName=Sch Member=Component D1 LED
Added Member To Class: ClassName=Sch Member=Component IC1 TLP250
Added Member To Class: ClassName=Sch Member=Component IC2 US1881
Added Member To Class: ClassName=Sch Member=Component J1 XT60 Male
Added Member To Class: ClassName=Sch Member=Component Q1 TO-220 IRF1405
Added Member To Class: ClassName=Sch Member=Component R1 380R
Added Member To Class: ClassName=Sch Member=Component R2 10R
Added Member To Class: ClassName=Sch Member=Component R3 500R
Added Member To Class: ClassName=Sch Member=Component R5 10K
Added Member To Class: ClassName=Sch Member=Component U1 TO-92 LM78L05
