Added Component: Designator=C?(CER-DIP-CAP)
Added Component: Designator=C?(CER-DIP-CAP)
Added Component: Designator=C?(CER-DIP-CAP)
Added Component: Designator=C?(CER-DIP-CAP)
Added Component: Designator=D?(LED DIP)
Added Component: Designator=IC?(UA)
Added Component: Designator=IC?(DIP-8)
Added Component: Designator=J?(XT60 Male Pin)
Added Component: Designator=Q?(TO-220)
Added Component: Designator=R?(RES DIP)
Added Component: Designator=R?(RES DIP)
Added Component: Designator=R?(RES DIP)
Added Component: Designator=R?(RES DIP)
Added Component: Designator=R?(RES DIP)
Added Component: Designator=R?(RES DIP)
Added Component: Designator=R?(RES DIP)
Added Component: Designator=R?(RES 2512 SMD)
Added Component: Designator=R?(RES DIP)
Added Component: Designator=R?(RES DIP)
Added Component: Designator=U?(PDIP-8)
Added Component: Designator=U?(TO-226 TO-92)
Added Component: Designator=U?(STM8S103F3P6 BLUE PILL)
Added Pin To Net: NetName=3.3V Pin=U?-8
Added Pin To Net: NetName=3.3V Pin=U?-12
Added Net: Name=3.3V
Added Pin To Net: NetName=3S-6S Pin=C?-2
Added Pin To Net: NetName=3S-6S Pin=J?-P
Added Pin To Net: NetName=3S-6S Pin=R?-2
Added Pin To Net: NetName=3S-6S Pin=U?-3
Added Pin To Net: NetName=3S-6S Pin=IC?-8
Added Net: Name=3S-6S
Added Pin To Net: NetName=5V Pin=C?-2
Added Pin To Net: NetName=5V Pin=R?-1
Added Pin To Net: NetName=5V Pin=U?-1
Added Pin To Net: NetName=5V Pin=U?-13
Added Pin To Net: NetName=5V Pin=IC?-1
Added Net: Name=5V
Added Pin To Net: NetName=ADC1 Pin=R?-1
Added Pin To Net: NetName=ADC1 Pin=U?-1
Added Pin To Net: NetName=ADC1 Pin=U?-9
Added Net: Name=ADC1
Added Pin To Net: NetName=ADC2 Pin=R?-1
Added Pin To Net: NetName=ADC2 Pin=R?-2
Added Pin To Net: NetName=ADC2 Pin=U?-10
Added Net: Name=ADC2
Added Pin To Net: NetName=ADC3 Pin=U?-4
Added Net: Name=ADC3
Added Pin To Net: NetName=GND Pin=C?-1
Added Pin To Net: NetName=GND Pin=C?-1
Added Pin To Net: NetName=GND Pin=C?-1
Added Pin To Net: NetName=GND Pin=C?-1
Added Pin To Net: NetName=GND Pin=D?-C
Added Pin To Net: NetName=GND Pin=J?-N
Added Pin To Net: NetName=GND Pin=Q?-3
Added Pin To Net: NetName=GND Pin=R?-1
Added Pin To Net: NetName=GND Pin=U?-2
Added Pin To Net: NetName=GND Pin=U?-2
Added Pin To Net: NetName=GND Pin=U?-4
Added Pin To Net: NetName=GND Pin=U?-14
Added Pin To Net: NetName=GND Pin=IC?-3
Added Pin To Net: NetName=GND Pin=IC?-3
Added Pin To Net: NetName=GND Pin=IC?-5
Added Net: Name=GND
Added Pin To Net: NetName=HallOut Pin=C?-2
Added Pin To Net: NetName=HallOut Pin=U?-3
Added Pin To Net: NetName=HallOut Pin=IC?-2
Added Net: Name=HallOut
Added Pin To Net: NetName=Negative Pin=R?-2
Added Pin To Net: NetName=Negative Pin=R?-2
Added Net: Name=Negative
Added Pin To Net: NetName=NetC?_2 Pin=C?-2
Added Pin To Net: NetName=NetC?_2 Pin=R?-2
Added Net: Name=NetC?_2
Added Pin To Net: NetName=NetD?_A Pin=D?-A
Added Pin To Net: NetName=NetD?_A Pin=R?-2
Added Net: Name=NetD?_A
Added Pin To Net: NetName=NetQ?_1 Pin=Q?-1
Added Pin To Net: NetName=NetQ?_1 Pin=R?-2
Added Pin To Net: NetName=NetQ?_1 Pin=R?-2
Added Net: Name=NetQ?_1
Added Pin To Net: NetName=NetQ?_2 Pin=Q?-2
Added Pin To Net: NetName=NetQ?_2 Pin=R?-1
Added Net: Name=NetQ?_2
Added Pin To Net: NetName=NetR?_1 Pin=R?-1
Added Pin To Net: NetName=NetR?_1 Pin=R?-1
Added Pin To Net: NetName=NetR?_1 Pin=IC?-6
Added Pin To Net: NetName=NetR?_1 Pin=IC?-7
Added Net: Name=NetR?_1
Add Net: Net with name "NetR?_1" already exists
Added Pin To Net: NetName=NetR?_2 Pin=R?-2
Added Pin To Net: NetName=NetR?_2 Pin=IC?-2
Added Net: Name=NetR?_2
Added Pin To Net: NetName=Rx Pin=U?-18
Added Net: Name=Rx
Added Pin To Net: NetName=SCL Pin=U?-2
Added Net: Name=SCL
Added Pin To Net: NetName=SDA Pin=U?-1
Added Net: Name=SDA
Added Pin To Net: NetName=TLP_in Pin=R?-1
Added Pin To Net: NetName=TLP_in Pin=R?-1
Added Pin To Net: NetName=TLP_in Pin=U?-5
Added Net: Name=TLP_in
Added Pin To Net: NetName=Tx Pin=U?-19
Added Net: Name=Tx
Added Class: Name=sch
Added Rule: Name=Schematic Supply Nets
