Change Physical Footprint: Designator=C1 Old Footprint=CER-DIP-CAP New Footprint=CER-DIP-CAP
Change Physical Footprint: Designator=C2 Old Footprint=CER-DIP-CAP New Footprint=CER-DIP-CAP
Change Physical Footprint: Designator=C3 Old Footprint=CER-DIP-CAP New Footprint=CER-DIP-CAP
Change Physical Footprint: Designator=C4 Old Footprint=CER-DIP-CAP New Footprint=CER-DIP-CAP
Change Physical Footprint: Designator=C5 Old Footprint=CER-DIP-CAP New Footprint=CER-DIP-CAP
Change Physical Footprint: Designator=D1 Old Footprint=LED DIP New Footprint=LED DIP
Change Physical Footprint: Designator=IC1 Old Footprint=DIP-8 New Footprint=DIP-8
Change Physical Footprint: Designator=IC2 Old Footprint=UA New Footprint=UA
Change Physical Footprint: Designator=J1 Old Footprint=XT60 Male Pin New Footprint=XT60 Male Pin
Change Physical Footprint: Designator=J2 Old Footprint=CON1x4_2.54MM New Footprint=CON1x4_2.54MM
Change Physical Footprint: Designator=J3 Old Footprint=CON1x4_2.54MM New Footprint=CON1x4_2.54MM
Change Physical Footprint: Designator=Q1 Old Footprint=TO-220 New Footprint=TO-220
Change Physical Footprint: Designator=R1 Old Footprint=RES 2512 SMD New Footprint=RES 2512 SMD
Change Physical Footprint: Designator=R2 Old Footprint=RES DIP New Footprint=RES DIP
Change Physical Footprint: Designator=R3 Old Footprint=RES DIP New Footprint=RES DIP
Change Physical Footprint: Designator=R4 Old Footprint=RES DIP New Footprint=RES DIP
Change Physical Footprint: Designator=R6 Old Footprint=RES DIP New Footprint=RES DIP
Change Physical Footprint: Designator=R7 Old Footprint=RES DIP New Footprint=RES DIP
Change Physical Footprint: Designator=R8 Old Footprint=RES DIP New Footprint=RES DIP
Change Physical Footprint: Designator=R9 Old Footprint=RES DIP New Footprint=RES DIP
Change Physical Footprint: Designator=R10 Old Footprint=RES DIP New Footprint=RES DIP
Change Physical Footprint: Designator=U1 Old Footprint=TO-226 TO-92 New Footprint=TO-226 TO-92
Change Physical Footprint: Designator=U2 Old Footprint=STM8S103F3P6 BLUE PILL New Footprint=STM8S103F3P6 BLUE PILL
Change Physical Footprint: Designator=U3 Old Footprint=PDIP-8 New Footprint=PDIP-8
