Added Component: Designator=C1(CER-DIP-CAP)
Added Component: Designator=C2(CER-DIP-CAP)
Added Component: Designator=C3(CER-DIP-CAP)
Added Component: Designator=C4(CER-DIP-CAP)
Added Component: Designator=C5(CER-DIP-CAP)
Added Component: Designator=D1(LED DIP)
Added Component: Designator=IC1(DIP-8)
Added Component: Designator=IC2(UA)
Added Component: Designator=J1(XT60 Male Pin)
Added Component: Designator=J2(CON1x4_2.54MM)
Added Component: Designator=J3(CON1x4_2.54MM)
Added Component: Designator=Q1(TO-220)
Added Component: Designator=R1(RES 2512 SMD)
Added Component: Designator=R2(RES DIP)
Added Component: Designator=R3(RES DIP)
Added Component: Designator=R4(RES DIP)
Added Component: Designator=R6(RES DIP)
Added Component: Designator=R7(RES DIP)
Added Component: Designator=R8(RES DIP)
Added Component: Designator=R9(RES DIP)
Added Component: Designator=R10(RES DIP)
Added Component: Designator=U1(TO-226 TO-92)
Added Component: Designator=U2(STM8S103F3P6 BLUE PILL)
Added Component: Designator=U3(PDIP-8)
Added Pin To Net: NetName=3.3V Pin=J2-1
Added Pin To Net: NetName=3.3V Pin=J3-1
Added Pin To Net: NetName=3.3V Pin=U2-12
Added Pin To Net: NetName=3.3V Pin=U3-8
Added Net: Name=3.3V
Added Pin To Net: NetName=3S-6S Pin=C1-2
Added Pin To Net: NetName=3S-6S Pin=J1-P
Added Pin To Net: NetName=3S-6S Pin=R9-2
Added Pin To Net: NetName=3S-6S Pin=U1-3
Added Pin To Net: NetName=3S-6S Pin=IC1-8
Added Net: Name=3S-6S
Added Pin To Net: NetName=5V Pin=C2-2
Added Pin To Net: NetName=5V Pin=R6-1
Added Pin To Net: NetName=5V Pin=U1-1
Added Pin To Net: NetName=5V Pin=U2-13
Added Pin To Net: NetName=5V Pin=IC2-1
Added Net: Name=5V
Added Pin To Net: NetName=ADC1 Pin=C5-2
Added Pin To Net: NetName=ADC1 Pin=R7-1
Added Pin To Net: NetName=ADC1 Pin=U2-9
Added Pin To Net: NetName=ADC1 Pin=U3-1
Added Net: Name=ADC1
Added Pin To Net: NetName=ADC2 Pin=R9-1
Added Pin To Net: NetName=ADC2 Pin=R10-2
Added Pin To Net: NetName=ADC2 Pin=U2-10
Added Net: Name=ADC2
Added Pin To Net: NetName=GND Pin=C1-1
Added Pin To Net: NetName=GND Pin=C2-1
Added Pin To Net: NetName=GND Pin=C3-1
Added Pin To Net: NetName=GND Pin=C4-1
Added Pin To Net: NetName=GND Pin=C5-1
Added Pin To Net: NetName=GND Pin=D1-C
Added Pin To Net: NetName=GND Pin=J1-N
Added Pin To Net: NetName=GND Pin=J2-4
Added Pin To Net: NetName=GND Pin=J3-4
Added Pin To Net: NetName=GND Pin=R1-1
Added Pin To Net: NetName=GND Pin=R10-1
Added Pin To Net: NetName=GND Pin=U1-2
Added Pin To Net: NetName=GND Pin=U2-14
Added Pin To Net: NetName=GND Pin=U3-2
Added Pin To Net: NetName=GND Pin=U3-4
Added Pin To Net: NetName=GND Pin=IC1-3
Added Pin To Net: NetName=GND Pin=IC1-5
Added Pin To Net: NetName=GND Pin=IC2-3
Added Net: Name=GND
Added Pin To Net: NetName=HallOut Pin=C3-2
Added Pin To Net: NetName=HallOut Pin=U2-3
Added Pin To Net: NetName=HallOut Pin=IC2-2
Added Net: Name=HallOut
Added Pin To Net: NetName=Negative Pin=Q1-2
Added Net: Name=Negative
Added Pin To Net: NetName=NetC4_2 Pin=C4-2
Added Pin To Net: NetName=NetC4_2 Pin=R6-2
Added Net: Name=NetC4_2
Added Pin To Net: NetName=NetD1_A Pin=D1-A
Added Pin To Net: NetName=NetD1_A Pin=R4-2
Added Net: Name=NetD1_A
Added Pin To Net: NetName=NetQ1_1 Pin=Q1-1
Added Pin To Net: NetName=NetQ1_1 Pin=R3-2
Added Net: Name=NetQ1_1
Added Pin To Net: NetName=NetR2_2 Pin=R2-2
Added Pin To Net: NetName=NetR2_2 Pin=IC1-2
Added Net: Name=NetR2_2
Added Pin To Net: NetName=NetR3_1 Pin=R3-1
Added Pin To Net: NetName=NetR3_1 Pin=IC1-6
Added Pin To Net: NetName=NetR3_1 Pin=IC1-7
Added Net: Name=NetR3_1
Added Pin To Net: NetName=NetR7_2 Pin=R7-2
Added Pin To Net: NetName=NetR7_2 Pin=R8-1
Added Pin To Net: NetName=NetR7_2 Pin=U3-3
Added Net: Name=NetR7_2
Added Pin To Net: NetName=Rx Pin=J3-2
Added Pin To Net: NetName=Rx Pin=U2-18
Added Net: Name=Rx
Added Pin To Net: NetName=SCL Pin=J2-3
Added Pin To Net: NetName=SCL Pin=U2-2
Added Net: Name=SCL
Added Pin To Net: NetName=SDA Pin=J2-2
Added Pin To Net: NetName=SDA Pin=U2-1
Added Net: Name=SDA
Added Pin To Net: NetName=ShontAdc Pin=Q1-3
Added Pin To Net: NetName=ShontAdc Pin=R1-2
Added Pin To Net: NetName=ShontAdc Pin=R8-2
Added Net: Name=ShontAdc
Added Pin To Net: NetName=TLP_in Pin=R2-1
Added Pin To Net: NetName=TLP_in Pin=R4-1
Added Pin To Net: NetName=TLP_in Pin=U2-5
Added Net: Name=TLP_in
Added Pin To Net: NetName=Tx Pin=J3-3
Added Pin To Net: NetName=Tx Pin=U2-19
Added Net: Name=Tx
Added Class: Name=sch
Added Rule: Name=Schematic Supply Nets
