Change Component Designator: OldDesignator=C? NewDesignator=C1
Change Component Designator: OldDesignator=C? NewDesignator=C2
Change Component Designator: OldDesignator=C? NewDesignator=C3
Change Component Designator: OldDesignator=C? NewDesignator=C4
Change Component Designator: OldDesignator=D? NewDesignator=D1
Change Component Designator: OldDesignator=IC? NewDesignator=IC1
Change Component Designator: OldDesignator=IC? NewDesignator=IC2
Change Component Designator: OldDesignator=J? NewDesignator=J1
Change Component Designator: OldDesignator=Q? NewDesignator=Q1
Change Component Designator: OldDesignator=R? NewDesignator=R1
Change Component Designator: OldDesignator=R? NewDesignator=R2
Change Component Designator: OldDesignator=R? NewDesignator=R3
Change Component Designator: OldDesignator=R? NewDesignator=R4
Change Component Designator: OldDesignator=R? NewDesignator=R5
Change Component Designator: OldDesignator=R? NewDesignator=R6
Change Component Designator: OldDesignator=R? NewDesignator=R7
Change Component Designator: OldDesignator=R? NewDesignator=R8
Change Component Designator: OldDesignator=R? NewDesignator=R9
Change Component Designator: OldDesignator=R? NewDesignator=R10
Change Component Designator: OldDesignator=U? NewDesignator=U1
Change Component Designator: OldDesignator=U? NewDesignator=U2
Change Component Designator: OldDesignator=U? NewDesignator=U3
Change Net Name : Old Net Name=NetC?_2 New Net Name=NetC4_2
Change Net Name : Old Net Name=NetD?_A New Net Name=NetD1_A
Change Net Name : Old Net Name=NetQ?_1 New Net Name=NetQ1_1
Change Net Name : Old Net Name=NetQ?_2 New Net Name=NetQ1_2
Change Net Name : Old Net Name=NetR?_1 New Net Name=NetR3_1
Change Net Name : Old Net Name=NetR?_2 New Net Name=NetR2_2
Added Pin To Net: NetName=NetR7_2 Pin=R7-2
Added Pin To Net: NetName=NetR7_2 Pin=R8-1
Added Pin To Net: NetName=NetR7_2 Pin=U3-3
Added Net: Name=NetR7_2
Added Member To Class: ClassName=sch Member=Component C1 0.33uF
Added Member To Class: ClassName=sch Member=Component C2 0.01uF
Added Member To Class: ClassName=sch Member=Component C3 4.7nF
Added Member To Class: ClassName=sch Member=Component IC2 US1881
Added Member To Class: ClassName=sch Member=Component R1 2512 SHUNT RESISTOR
Added Member To Class: ClassName=sch Member=Component R2 500
Added Member To Class: ClassName=sch Member=Component R3 10R
Added Member To Class: ClassName=sch Member=Component R4 500
Added Member To Class: ClassName=sch Member=Component R5 10R
Added Member To Class: ClassName=sch Member=Component R6 10K
Added Member To Class: ClassName=sch Member=Component R7 6K
Added Member To Class: ClassName=sch Member=Component R8 2K
Added Member To Class: ClassName=sch Member=Component R10 1K
Added Member To Class: ClassName=sch Member=Component U1 TO-92 LM78L05
Added Member To Class: ClassName=sch Member=Component U2 STM8S103F3P6 Blue PILL
